\BOOKMARK [1][-]{section.1}{Scope}{}% 1
\BOOKMARK [1][-]{section.2}{OPC Unified Architecture for MTConnect Companion Specification Goals}{}% 2
\BOOKMARK [1][-]{section.3}{Normative References}{}% 3
\BOOKMARK [2][-]{subsection.3.1}{OPC UA References}{section.3}% 4
\BOOKMARK [2][-]{subsection.3.2}{MTConnect References}{section.3}% 5
\BOOKMARK [1][-]{section.4}{Terms, Definitions and Conventions}{}% 6
\BOOKMARK [2][-]{subsection.4.1}{Overview}{section.4}% 7
\BOOKMARK [2][-]{subsection.4.2}{Conventions}{section.4}% 8
\BOOKMARK [2][-]{subsection.4.3}{Terms and Acronnyms}{section.4}% 9
\BOOKMARK [3][-]{subsubsection.4.3.1}{Conventions for Node descriptions}{subsection.4.3}% 10
\BOOKMARK [3][-]{subsubsection.4.3.2}{NodeIds and BrowseNames}{subsection.4.3}% 11
\BOOKMARK [3][-]{subsubsection.4.3.3}{Common Attributes}{subsection.4.3}% 12
\BOOKMARK [1][-]{section.5}{Introduction to MTConnect and OPC UA}{}% 13
\BOOKMARK [2][-]{subsection.5.1}{MTConnect}{section.5}% 14
\BOOKMARK [3][-]{subsubsection.5.1.1}{Data Dictionary}{subsection.5.1}% 15
\BOOKMARK [3][-]{subsubsection.5.1.2}{Semantic Data Models}{subsection.5.1}% 16
\BOOKMARK [3][-]{subsubsection.5.1.3}{Fundamentals of MTConnect}{subsection.5.1}% 17
\BOOKMARK [2][-]{subsection.5.2}{Introduction to OPC Unified Architecture}{section.5}% 18
\BOOKMARK [3][-]{subsubsection.5.2.1}{Basics of OPC UA}{subsection.5.2}% 19
\BOOKMARK [3][-]{subsubsection.5.2.2}{Information Modeling in OPC UA}{subsection.5.2}% 20
\BOOKMARK [1][-]{section.6}{Mapping the MTConnect Information Model to OPC UA}{}% 21
\BOOKMARK [2][-]{subsection.6.1}{MTConnect UML Representation of OPC}{section.6}% 22
\BOOKMARK [2][-]{subsection.6.2}{MTConnect Information Model}{section.6}% 23
\BOOKMARK [2][-]{subsection.6.3}{Mapping The Model}{section.6}% 24
\BOOKMARK [1][-]{section.7}{MTConnect OPC UA Types}{}% 25
\BOOKMARK [2][-]{subsection.7.1}{Assets}{section.7}% 26
\BOOKMARK [3][-]{subsubsection.7.1.1}{Defintion of \040MTAssetType}{subsection.7.1}% 27
\BOOKMARK [2][-]{subsection.7.2}{Cutting Tool}{section.7}% 28
\BOOKMARK [3][-]{subsubsection.7.2.1}{Defintion of \040MTCutterStatusType}{subsection.7.2}% 29
\BOOKMARK [3][-]{subsubsection.7.2.2}{Defintion of \040MTCuttingItemType}{subsection.7.2}% 30
\BOOKMARK [3][-]{subsubsection.7.2.3}{Defintion of \040MTCuttingItemsFolderType}{subsection.7.2}% 31
\BOOKMARK [3][-]{subsubsection.7.2.4}{Defintion of \040MTCuttingItemsFolderType}{subsection.7.2}% 32
\BOOKMARK [3][-]{subsubsection.7.2.5}{Defintion of \040MTCuttingToolArchetypeType}{subsection.7.2}% 33
\BOOKMARK [3][-]{subsubsection.7.2.6}{Defintion of \040MTCuttingToolConstraintType}{subsection.7.2}% 34
\BOOKMARK [3][-]{subsubsection.7.2.7}{Defintion of \040MTCuttingToolMeasurementType}{subsection.7.2}% 35
\BOOKMARK [3][-]{subsubsection.7.2.8}{Defintion of \040MTCuttingToolDefinitionType}{subsection.7.2}% 36
\BOOKMARK [3][-]{subsubsection.7.2.9}{Defintion of \040MTCuttingToolLifeCycleType}{subsection.7.2}% 37
\BOOKMARK [3][-]{subsubsection.7.2.10}{Defintion of \040MTCuttingToolType}{subsection.7.2}% 38
\BOOKMARK [3][-]{subsubsection.7.2.11}{Defintion of \040MTLocationType}{subsection.7.2}% 39
\BOOKMARK [3][-]{subsubsection.7.2.12}{Defintion of \040MTReconditionCountType}{subsection.7.2}% 40
\BOOKMARK [3][-]{subsubsection.7.2.13}{Defintion of \040MTToolLifeType}{subsection.7.2}% 41
\BOOKMARK [2][-]{subsection.7.3}{Measurements}{section.7}% 42
\BOOKMARK [3][-]{subsubsection.7.3.1}{Defintion of \040CommonMeasurementType}{subsection.7.3}% 43
\BOOKMARK [3][-]{subsubsection.7.3.2}{Defintion of \040CuttingToolClassType}{subsection.7.3}% 44
\BOOKMARK [3][-]{subsubsection.7.3.3}{Defintion of \040BodyDiameterMaxClassType}{subsection.7.3}% 45
\BOOKMARK [3][-]{subsubsection.7.3.4}{Defintion of \040BodyLengthMaxClassType}{subsection.7.3}% 46
\BOOKMARK [3][-]{subsubsection.7.3.5}{Defintion of \040CuttingDiameterMaxType}{subsection.7.3}% 47
\BOOKMARK [3][-]{subsubsection.7.3.6}{Defintion of \040CuttingItemClassType}{subsection.7.3}% 48
\BOOKMARK [3][-]{subsubsection.7.3.7}{Defintion of \040ChamferFlatLengthClassType}{subsection.7.3}% 49
\BOOKMARK [3][-]{subsubsection.7.3.8}{Defintion of \040ChamferWidthClassType}{subsection.7.3}% 50
\BOOKMARK [3][-]{subsubsection.7.3.9}{Defintion of \040CornerRadiusClassType}{subsection.7.3}% 51
\BOOKMARK [3][-]{subsubsection.7.3.10}{Defintion of \040CuttingDiameterClassType}{subsection.7.3}% 52
\BOOKMARK [3][-]{subsubsection.7.3.11}{Defintion of \040CuttingEdgeLengthClassType}{subsection.7.3}% 53
\BOOKMARK [3][-]{subsubsection.7.3.12}{Defintion of \040CuttingHeightClassType}{subsection.7.3}% 54
\BOOKMARK [3][-]{subsubsection.7.3.13}{Defintion of \040CuttingItemFunctionalLengthClassType}{subsection.7.3}% 55
\BOOKMARK [3][-]{subsubsection.7.3.14}{Defintion of \040CuttingItemWeightClassType}{subsection.7.3}% 56
\BOOKMARK [3][-]{subsubsection.7.3.15}{Defintion of \040DriveAngleClassType}{subsection.7.3}% 57
\BOOKMARK [3][-]{subsubsection.7.3.16}{Defintion of \040FlangeDiameterClassType}{subsection.7.3}% 58
\BOOKMARK [3][-]{subsubsection.7.3.17}{Defintion of \040FunctionalWidthClassType}{subsection.7.3}% 59
\BOOKMARK [3][-]{subsubsection.7.3.18}{Defintion of \040IncribedCircleDiameterClassType}{subsection.7.3}% 60
\BOOKMARK [3][-]{subsubsection.7.3.19}{Defintion of \040InsertWidthClassType}{subsection.7.3}% 61
\BOOKMARK [3][-]{subsubsection.7.3.20}{Defintion of \040PointAngleClassType}{subsection.7.3}% 62
\BOOKMARK [3][-]{subsubsection.7.3.21}{Defintion of \040StepDiameterLengthClassType}{subsection.7.3}% 63
\BOOKMARK [3][-]{subsubsection.7.3.22}{Defintion of \040StepIncludedAngleClassType}{subsection.7.3}% 64
\BOOKMARK [3][-]{subsubsection.7.3.23}{Defintion of \040ToolCuttingEdgeAngleClassType}{subsection.7.3}% 65
\BOOKMARK [3][-]{subsubsection.7.3.24}{Defintion of \040ToolLeadAngleClassType}{subsection.7.3}% 66
\BOOKMARK [3][-]{subsubsection.7.3.25}{Defintion of \040ToolOrientationClassType}{subsection.7.3}% 67
\BOOKMARK [3][-]{subsubsection.7.3.26}{Defintion of \040WiperEdgeLengthClassType}{subsection.7.3}% 68
\BOOKMARK [3][-]{subsubsection.7.3.27}{Defintion of \040DepthOfCutMaxClassType}{subsection.7.3}% 69
\BOOKMARK [3][-]{subsubsection.7.3.28}{Defintion of \040FlangeDiameterMaxClassType}{subsection.7.3}% 70
\BOOKMARK [3][-]{subsubsection.7.3.29}{Defintion of \040FunctionalLengthClassType}{subsection.7.3}% 71
\BOOKMARK [3][-]{subsubsection.7.3.30}{Defintion of \040OverallToolLengthClassType}{subsection.7.3}% 72
\BOOKMARK [3][-]{subsubsection.7.3.31}{Defintion of \040ProtrudingLengthClassType}{subsection.7.3}% 73
\BOOKMARK [3][-]{subsubsection.7.3.32}{Defintion of \040ShankDiameterClassType}{subsection.7.3}% 74
\BOOKMARK [3][-]{subsubsection.7.3.33}{Defintion of \040ShankHeightClassType}{subsection.7.3}% 75
\BOOKMARK [3][-]{subsubsection.7.3.34}{Defintion of \040ShankLengthClassType}{subsection.7.3}% 76
\BOOKMARK [3][-]{subsubsection.7.3.35}{Defintion of \040UsableLengthMaxClassType}{subsection.7.3}% 77
\BOOKMARK [3][-]{subsubsection.7.3.36}{Defintion of \040WeightClassType}{subsection.7.3}% 78
\BOOKMARK [2][-]{subsection.7.4}{Assets Profile}{section.7}% 79
\BOOKMARK [3][-]{subsubsection.7.4.1}{Defintion of \040<<HasCuttingToolArchetype>>}{subsection.7.4}% 80
\BOOKMARK [1][-]{section.8}{Profiles and Namespaces}{}% 81
\BOOKMARK [2][-]{subsection.8.1}{Namespace Metadata}{section.8}% 82
\BOOKMARK [2][-]{subsection.8.2}{Conformance Units and Profiles}{section.8}% 83
\BOOKMARK [3][-]{subsubsection.8.2.1}{Server}{subsection.8.2}% 84
\BOOKMARK [3][-]{subsubsection.8.2.2}{Client}{subsection.8.2}% 85
\BOOKMARK [2][-]{subsection.8.3}{Handling of OPC UA Namespaces}{section.8}% 86
\BOOKMARK [1][-]{Annex.1.A}{Annex MTConnect Namespace and Mappings \(normative\)}{}% 87
\BOOKMARK [2][-]{subsection.1.A.1}{Namespace and identifiers for MTConnect Information Model}{Annex.1.A}% 88
